   0  $accept : programa $end

   1  programa : sentencias

   2  sentencias : sentencia
   3             | sentencia sentencias

   4  sentencia : declaracion
   5            | asignacion

   6  $$1 :

   7  sentencia : $$1 seleccion
   8            | bucle
   9            | impresion
  10            | ';' error

  11  declaracion : FLOAT variables ';'
  12              | FLOAT ';' error
  13              | INT variables ';'
  14              | VECTOR vector OF numero ';'
  15              | VECTOR vector error

  16  vector : IDENTIFICADOR '[' expresion ']'
  17         | error

  18  variables : IDENTIFICADOR
  19            | variables ',' IDENTIFICADOR
  20            | error

  21  asignacion : IDENTIFICADOR ASIG expresion ';'
  22             | IDENTIFICADOR '[' expresion ']' ASIG expresion ';'

  23  expresion : numero
  24            | operacionAritmetica
  25            | variable
  26            | error

  27  numero : FLOAT
  28         | INT

  29  operacionAritmetica : variable operador variable
  30                      | variable operador numero
  31                      | numero operador variable
  32                      | numero operador numero

  33  variable : IDENTIFICADOR
  34           | IDENTIFICADOR '[' expresion ']'

  35  operador : '+'
  36           | '-'
  37           | '*'
  38           | '/'

  39  comparador : '<'
  40             | "<="
  41             | '>'
  42             | ">="
  43             | '='
  44             | "^="
  45             | error

  46  seleccion : IF '(' condicion ')' THEN '{' sentencias '}'
  47            | IF '(' condicion ')' THEN '{' sentencias '}' ELSE '{' sentencias '}'
  48            | IF '(' condicion ')' THEN '{' sentencias '}' ELSE
  49            | IF '(' condicion ')' '{' sentencias '}' ELSE
  50            | IF '(' condicion ')' THEN
  51            | error

  52  condicion : expresion comparador expresion
  53            | error

  54  impresion : PRINT '(' CADENA ')' ';'
  55            | PRINT '(' CADENA ')' error
  56            | PRINT '(' ';' error
  57            | PRINT ';' error

  58  bucle : FOR '(' INT IDENTIFICADOR '=' INT ';' IDENTIFICADOR comparador expresion ';' IDENTIFICADOR ')' '{' sentencias '}'

state 0
	$accept : . programa $end  (0)
	$$1 : .  (6)

	PRINT  shift 1
	IDENTIFICADOR  shift 2
	VECTOR  shift 3
	INT  shift 4
	FLOAT  shift 5
	FOR  shift 6
	';'  shift 7
	error  reduce 6
	IF  reduce 6

	programa  goto 8
	sentencias  goto 9
	sentencia  goto 10
	declaracion  goto 11
	asignacion  goto 12
	$$1  goto 13
	bucle  goto 14
	impresion  goto 15


state 1
	impresion : PRINT . '(' CADENA ')' ';'  (54)
	impresion : PRINT . '(' CADENA ')' error  (55)
	impresion : PRINT . '(' ';' error  (56)
	impresion : PRINT . ';' error  (57)

	';'  shift 16
	'('  shift 17
	.  error


state 2
	asignacion : IDENTIFICADOR . ASIG expresion ';'  (21)
	asignacion : IDENTIFICADOR . '[' expresion ']' ASIG expresion ';'  (22)

	ASIG  shift 18
	'['  shift 19
	.  error


state 3
	declaracion : VECTOR . vector OF numero ';'  (14)
	declaracion : VECTOR . vector error  (15)

	error  shift 20
	IDENTIFICADOR  shift 21
	.  error

	vector  goto 22


state 4
	declaracion : INT . variables ';'  (13)

	error  shift 23
	IDENTIFICADOR  shift 24
	.  error

	variables  goto 25


state 5
	declaracion : FLOAT . variables ';'  (11)
	declaracion : FLOAT . ';' error  (12)

	error  shift 23
	IDENTIFICADOR  shift 24
	';'  shift 26
	.  error

	variables  goto 27


state 6
	bucle : FOR . '(' INT IDENTIFICADOR '=' INT ';' IDENTIFICADOR comparador expresion ';' IDENTIFICADOR ')' '{' sentencias '}'  (58)

	'('  shift 28
	.  error


state 7
	sentencia : ';' . error  (10)

	error  shift 29
	.  error


state 8
	$accept : programa . $end  (0)

	$end  accept


state 9
	programa : sentencias .  (1)

	.  reduce 1


state 10
	sentencias : sentencia .  (2)
	sentencias : sentencia . sentencias  (3)
	$$1 : .  (6)

	PRINT  shift 1
	IDENTIFICADOR  shift 2
	VECTOR  shift 3
	INT  shift 4
	FLOAT  shift 5
	FOR  shift 6
	';'  shift 7
	$end  reduce 2
	error  reduce 6
	IF  reduce 6
	'}'  reduce 2

	sentencias  goto 30
	sentencia  goto 10
	declaracion  goto 11
	asignacion  goto 12
	$$1  goto 13
	bucle  goto 14
	impresion  goto 15


state 11
	sentencia : declaracion .  (4)

	.  reduce 4


state 12
	sentencia : asignacion .  (5)

	.  reduce 5


state 13
	sentencia : $$1 . seleccion  (7)

	error  shift 31
	IF  shift 32
	.  error

	seleccion  goto 33


state 14
	sentencia : bucle .  (8)

	.  reduce 8


state 15
	sentencia : impresion .  (9)

	.  reduce 9


state 16
	impresion : PRINT ';' . error  (57)

	error  shift 34
	.  error


state 17
	impresion : PRINT '(' . CADENA ')' ';'  (54)
	impresion : PRINT '(' . CADENA ')' error  (55)
	impresion : PRINT '(' . ';' error  (56)

	CADENA  shift 35
	';'  shift 36
	.  error


state 18
	asignacion : IDENTIFICADOR ASIG . expresion ';'  (21)

	error  shift 37
	IDENTIFICADOR  shift 38
	INT  shift 39
	FLOAT  shift 40
	.  error

	numero  goto 41
	expresion  goto 42
	operacionAritmetica  goto 43
	variable  goto 44


state 19
	asignacion : IDENTIFICADOR '[' . expresion ']' ASIG expresion ';'  (22)

	error  shift 37
	IDENTIFICADOR  shift 38
	INT  shift 39
	FLOAT  shift 40
	.  error

	numero  goto 41
	expresion  goto 45
	operacionAritmetica  goto 43
	variable  goto 44


state 20
	vector : error .  (17)

	.  reduce 17


state 21
	vector : IDENTIFICADOR . '[' expresion ']'  (16)

	'['  shift 46
	.  error


state 22
	declaracion : VECTOR vector . OF numero ';'  (14)
	declaracion : VECTOR vector . error  (15)

	error  shift 47
	OF  shift 48
	.  error


state 23
	variables : error .  (20)

	.  reduce 20


state 24
	variables : IDENTIFICADOR .  (18)

	.  reduce 18


state 25
	declaracion : INT variables . ';'  (13)
	variables : variables . ',' IDENTIFICADOR  (19)

	';'  shift 49
	','  shift 50
	.  error


state 26
	declaracion : FLOAT ';' . error  (12)

	error  shift 51
	.  error


state 27
	declaracion : FLOAT variables . ';'  (11)
	variables : variables . ',' IDENTIFICADOR  (19)

	';'  shift 52
	','  shift 50
	.  error


state 28
	bucle : FOR '(' . INT IDENTIFICADOR '=' INT ';' IDENTIFICADOR comparador expresion ';' IDENTIFICADOR ')' '{' sentencias '}'  (58)

	INT  shift 53
	.  error


state 29
	sentencia : ';' error .  (10)

	.  reduce 10


state 30
	sentencias : sentencia sentencias .  (3)

	.  reduce 3


state 31
	seleccion : error .  (51)

	.  reduce 51


state 32
	seleccion : IF . '(' condicion ')' THEN '{' sentencias '}'  (46)
	seleccion : IF . '(' condicion ')' THEN '{' sentencias '}' ELSE '{' sentencias '}'  (47)
	seleccion : IF . '(' condicion ')' THEN '{' sentencias '}' ELSE  (48)
	seleccion : IF . '(' condicion ')' '{' sentencias '}' ELSE  (49)
	seleccion : IF . '(' condicion ')' THEN  (50)

	'('  shift 54
	.  error


state 33
	sentencia : $$1 seleccion .  (7)

	.  reduce 7


state 34
	impresion : PRINT ';' error .  (57)

	.  reduce 57


state 35
	impresion : PRINT '(' CADENA . ')' ';'  (54)
	impresion : PRINT '(' CADENA . ')' error  (55)

	')'  shift 55
	.  error


state 36
	impresion : PRINT '(' ';' . error  (56)

	error  shift 56
	.  error


state 37
	expresion : error .  (26)

	.  reduce 26


state 38
	variable : IDENTIFICADOR .  (33)
	variable : IDENTIFICADOR . '[' expresion ']'  (34)

	'['  shift 57
	error  reduce 33
	';'  reduce 33
	']'  reduce 33
	'+'  reduce 33
	'-'  reduce 33
	'*'  reduce 33
	'/'  reduce 33
	'<'  reduce 33
	"<="  reduce 33
	'>'  reduce 33
	">="  reduce 33
	'='  reduce 33
	"^="  reduce 33
	')'  reduce 33


state 39
	numero : INT .  (28)

	.  reduce 28


state 40
	numero : FLOAT .  (27)

	.  reduce 27


state 41
	expresion : numero .  (23)
	operacionAritmetica : numero . operador variable  (31)
	operacionAritmetica : numero . operador numero  (32)

	'+'  shift 58
	'-'  shift 59
	'*'  shift 60
	'/'  shift 61
	error  reduce 23
	';'  reduce 23
	']'  reduce 23
	'<'  reduce 23
	"<="  reduce 23
	'>'  reduce 23
	">="  reduce 23
	'='  reduce 23
	"^="  reduce 23
	')'  reduce 23

	operador  goto 62


state 42
	asignacion : IDENTIFICADOR ASIG expresion . ';'  (21)

	';'  shift 63
	.  error


state 43
	expresion : operacionAritmetica .  (24)

	.  reduce 24


state 44
	expresion : variable .  (25)
	operacionAritmetica : variable . operador variable  (29)
	operacionAritmetica : variable . operador numero  (30)

	'+'  shift 58
	'-'  shift 59
	'*'  shift 60
	'/'  shift 61
	error  reduce 25
	';'  reduce 25
	']'  reduce 25
	'<'  reduce 25
	"<="  reduce 25
	'>'  reduce 25
	">="  reduce 25
	'='  reduce 25
	"^="  reduce 25
	')'  reduce 25

	operador  goto 64


state 45
	asignacion : IDENTIFICADOR '[' expresion . ']' ASIG expresion ';'  (22)

	']'  shift 65
	.  error


state 46
	vector : IDENTIFICADOR '[' . expresion ']'  (16)

	error  shift 37
	IDENTIFICADOR  shift 38
	INT  shift 39
	FLOAT  shift 40
	.  error

	numero  goto 41
	expresion  goto 66
	operacionAritmetica  goto 43
	variable  goto 44


state 47
	declaracion : VECTOR vector error .  (15)

	.  reduce 15


state 48
	declaracion : VECTOR vector OF . numero ';'  (14)

	INT  shift 39
	FLOAT  shift 40
	.  error

	numero  goto 67


state 49
	declaracion : INT variables ';' .  (13)

	.  reduce 13


state 50
	variables : variables ',' . IDENTIFICADOR  (19)

	IDENTIFICADOR  shift 68
	.  error


state 51
	declaracion : FLOAT ';' error .  (12)

	.  reduce 12


state 52
	declaracion : FLOAT variables ';' .  (11)

	.  reduce 11


state 53
	bucle : FOR '(' INT . IDENTIFICADOR '=' INT ';' IDENTIFICADOR comparador expresion ';' IDENTIFICADOR ')' '{' sentencias '}'  (58)

	IDENTIFICADOR  shift 69
	.  error


state 54
	seleccion : IF '(' . condicion ')' THEN '{' sentencias '}'  (46)
	seleccion : IF '(' . condicion ')' THEN '{' sentencias '}' ELSE '{' sentencias '}'  (47)
	seleccion : IF '(' . condicion ')' THEN '{' sentencias '}' ELSE  (48)
	seleccion : IF '(' . condicion ')' '{' sentencias '}' ELSE  (49)
	seleccion : IF '(' . condicion ')' THEN  (50)

	error  shift 70
	IDENTIFICADOR  shift 38
	INT  shift 39
	FLOAT  shift 40
	.  error

	numero  goto 41
	expresion  goto 71
	operacionAritmetica  goto 43
	variable  goto 44
	condicion  goto 72


state 55
	impresion : PRINT '(' CADENA ')' . ';'  (54)
	impresion : PRINT '(' CADENA ')' . error  (55)

	error  shift 73
	';'  shift 74
	.  error


state 56
	impresion : PRINT '(' ';' error .  (56)

	.  reduce 56


state 57
	variable : IDENTIFICADOR '[' . expresion ']'  (34)

	error  shift 37
	IDENTIFICADOR  shift 38
	INT  shift 39
	FLOAT  shift 40
	.  error

	numero  goto 41
	expresion  goto 75
	operacionAritmetica  goto 43
	variable  goto 44


state 58
	operador : '+' .  (35)

	.  reduce 35


state 59
	operador : '-' .  (36)

	.  reduce 36


state 60
	operador : '*' .  (37)

	.  reduce 37


state 61
	operador : '/' .  (38)

	.  reduce 38


state 62
	operacionAritmetica : numero operador . variable  (31)
	operacionAritmetica : numero operador . numero  (32)

	IDENTIFICADOR  shift 38
	INT  shift 39
	FLOAT  shift 40
	.  error

	numero  goto 76
	variable  goto 77


state 63
	asignacion : IDENTIFICADOR ASIG expresion ';' .  (21)

	.  reduce 21


state 64
	operacionAritmetica : variable operador . variable  (29)
	operacionAritmetica : variable operador . numero  (30)

	IDENTIFICADOR  shift 38
	INT  shift 39
	FLOAT  shift 40
	.  error

	numero  goto 78
	variable  goto 79


state 65
	asignacion : IDENTIFICADOR '[' expresion ']' . ASIG expresion ';'  (22)

	ASIG  shift 80
	.  error


state 66
	vector : IDENTIFICADOR '[' expresion . ']'  (16)

	']'  shift 81
	.  error


state 67
	declaracion : VECTOR vector OF numero . ';'  (14)

	';'  shift 82
	.  error


state 68
	variables : variables ',' IDENTIFICADOR .  (19)

	.  reduce 19


state 69
	bucle : FOR '(' INT IDENTIFICADOR . '=' INT ';' IDENTIFICADOR comparador expresion ';' IDENTIFICADOR ')' '{' sentencias '}'  (58)

	'='  shift 83
	.  error


state 70
	expresion : error .  (26)
	condicion : error .  (53)

	error  reduce 26
	'<'  reduce 26
	"<="  reduce 26
	'>'  reduce 26
	">="  reduce 26
	'='  reduce 26
	"^="  reduce 26
	')'  reduce 53


state 71
	condicion : expresion . comparador expresion  (52)

	error  shift 84
	'<'  shift 85
	"<="  shift 86
	'>'  shift 87
	">="  shift 88
	'='  shift 89
	"^="  shift 90
	.  error

	comparador  goto 91


state 72
	seleccion : IF '(' condicion . ')' THEN '{' sentencias '}'  (46)
	seleccion : IF '(' condicion . ')' THEN '{' sentencias '}' ELSE '{' sentencias '}'  (47)
	seleccion : IF '(' condicion . ')' THEN '{' sentencias '}' ELSE  (48)
	seleccion : IF '(' condicion . ')' '{' sentencias '}' ELSE  (49)
	seleccion : IF '(' condicion . ')' THEN  (50)

	')'  shift 92
	.  error


state 73
	impresion : PRINT '(' CADENA ')' error .  (55)

	.  reduce 55


state 74
	impresion : PRINT '(' CADENA ')' ';' .  (54)

	.  reduce 54


state 75
	variable : IDENTIFICADOR '[' expresion . ']'  (34)

	']'  shift 93
	.  error


state 76
	operacionAritmetica : numero operador numero .  (32)

	.  reduce 32


state 77
	operacionAritmetica : numero operador variable .  (31)

	.  reduce 31


state 78
	operacionAritmetica : variable operador numero .  (30)

	.  reduce 30


state 79
	operacionAritmetica : variable operador variable .  (29)

	.  reduce 29


state 80
	asignacion : IDENTIFICADOR '[' expresion ']' ASIG . expresion ';'  (22)

	error  shift 37
	IDENTIFICADOR  shift 38
	INT  shift 39
	FLOAT  shift 40
	.  error

	numero  goto 41
	expresion  goto 94
	operacionAritmetica  goto 43
	variable  goto 44


state 81
	vector : IDENTIFICADOR '[' expresion ']' .  (16)

	.  reduce 16


state 82
	declaracion : VECTOR vector OF numero ';' .  (14)

	.  reduce 14


state 83
	bucle : FOR '(' INT IDENTIFICADOR '=' . INT ';' IDENTIFICADOR comparador expresion ';' IDENTIFICADOR ')' '{' sentencias '}'  (58)

	INT  shift 95
	.  error


state 84
	comparador : error .  (45)

	.  reduce 45


state 85
	comparador : '<' .  (39)

	.  reduce 39


state 86
	comparador : "<=" .  (40)

	.  reduce 40


state 87
	comparador : '>' .  (41)

	.  reduce 41


state 88
	comparador : ">=" .  (42)

	.  reduce 42


state 89
	comparador : '=' .  (43)

	.  reduce 43


state 90
	comparador : "^=" .  (44)

	.  reduce 44


state 91
	condicion : expresion comparador . expresion  (52)

	error  shift 37
	IDENTIFICADOR  shift 38
	INT  shift 39
	FLOAT  shift 40
	.  error

	numero  goto 41
	expresion  goto 96
	operacionAritmetica  goto 43
	variable  goto 44


state 92
	seleccion : IF '(' condicion ')' . THEN '{' sentencias '}'  (46)
	seleccion : IF '(' condicion ')' . THEN '{' sentencias '}' ELSE '{' sentencias '}'  (47)
	seleccion : IF '(' condicion ')' . THEN '{' sentencias '}' ELSE  (48)
	seleccion : IF '(' condicion ')' . '{' sentencias '}' ELSE  (49)
	seleccion : IF '(' condicion ')' . THEN  (50)

	THEN  shift 97
	'{'  shift 98
	.  error


state 93
	variable : IDENTIFICADOR '[' expresion ']' .  (34)

	.  reduce 34


state 94
	asignacion : IDENTIFICADOR '[' expresion ']' ASIG expresion . ';'  (22)

	';'  shift 99
	.  error


state 95
	bucle : FOR '(' INT IDENTIFICADOR '=' INT . ';' IDENTIFICADOR comparador expresion ';' IDENTIFICADOR ')' '{' sentencias '}'  (58)

	';'  shift 100
	.  error


state 96
	condicion : expresion comparador expresion .  (52)

	.  reduce 52


state 97
	seleccion : IF '(' condicion ')' THEN . '{' sentencias '}'  (46)
	seleccion : IF '(' condicion ')' THEN . '{' sentencias '}' ELSE '{' sentencias '}'  (47)
	seleccion : IF '(' condicion ')' THEN . '{' sentencias '}' ELSE  (48)
	seleccion : IF '(' condicion ')' THEN .  (50)

	'{'  shift 101
	$end  reduce 50
	error  reduce 50
	IF  reduce 50
	PRINT  reduce 50
	IDENTIFICADOR  reduce 50
	VECTOR  reduce 50
	INT  reduce 50
	FLOAT  reduce 50
	FOR  reduce 50
	';'  reduce 50
	'}'  reduce 50


state 98
	seleccion : IF '(' condicion ')' '{' . sentencias '}' ELSE  (49)
	$$1 : .  (6)

	PRINT  shift 1
	IDENTIFICADOR  shift 2
	VECTOR  shift 3
	INT  shift 4
	FLOAT  shift 5
	FOR  shift 6
	';'  shift 7
	error  reduce 6
	IF  reduce 6

	sentencias  goto 102
	sentencia  goto 10
	declaracion  goto 11
	asignacion  goto 12
	$$1  goto 13
	bucle  goto 14
	impresion  goto 15


state 99
	asignacion : IDENTIFICADOR '[' expresion ']' ASIG expresion ';' .  (22)

	.  reduce 22


state 100
	bucle : FOR '(' INT IDENTIFICADOR '=' INT ';' . IDENTIFICADOR comparador expresion ';' IDENTIFICADOR ')' '{' sentencias '}'  (58)

	IDENTIFICADOR  shift 103
	.  error


state 101
	seleccion : IF '(' condicion ')' THEN '{' . sentencias '}'  (46)
	seleccion : IF '(' condicion ')' THEN '{' . sentencias '}' ELSE '{' sentencias '}'  (47)
	seleccion : IF '(' condicion ')' THEN '{' . sentencias '}' ELSE  (48)
	$$1 : .  (6)

	PRINT  shift 1
	IDENTIFICADOR  shift 2
	VECTOR  shift 3
	INT  shift 4
	FLOAT  shift 5
	FOR  shift 6
	';'  shift 7
	error  reduce 6
	IF  reduce 6

	sentencias  goto 104
	sentencia  goto 10
	declaracion  goto 11
	asignacion  goto 12
	$$1  goto 13
	bucle  goto 14
	impresion  goto 15


state 102
	seleccion : IF '(' condicion ')' '{' sentencias . '}' ELSE  (49)

	'}'  shift 105
	.  error


state 103
	bucle : FOR '(' INT IDENTIFICADOR '=' INT ';' IDENTIFICADOR . comparador expresion ';' IDENTIFICADOR ')' '{' sentencias '}'  (58)

	error  shift 84
	'<'  shift 85
	"<="  shift 86
	'>'  shift 87
	">="  shift 88
	'='  shift 89
	"^="  shift 90
	.  error

	comparador  goto 106


state 104
	seleccion : IF '(' condicion ')' THEN '{' sentencias . '}'  (46)
	seleccion : IF '(' condicion ')' THEN '{' sentencias . '}' ELSE '{' sentencias '}'  (47)
	seleccion : IF '(' condicion ')' THEN '{' sentencias . '}' ELSE  (48)

	'}'  shift 107
	.  error


state 105
	seleccion : IF '(' condicion ')' '{' sentencias '}' . ELSE  (49)

	ELSE  shift 108
	.  error


state 106
	bucle : FOR '(' INT IDENTIFICADOR '=' INT ';' IDENTIFICADOR comparador . expresion ';' IDENTIFICADOR ')' '{' sentencias '}'  (58)

	error  shift 37
	IDENTIFICADOR  shift 38
	INT  shift 39
	FLOAT  shift 40
	.  error

	numero  goto 41
	expresion  goto 109
	operacionAritmetica  goto 43
	variable  goto 44


state 107
	seleccion : IF '(' condicion ')' THEN '{' sentencias '}' .  (46)
	seleccion : IF '(' condicion ')' THEN '{' sentencias '}' . ELSE '{' sentencias '}'  (47)
	seleccion : IF '(' condicion ')' THEN '{' sentencias '}' . ELSE  (48)

	ELSE  shift 110
	$end  reduce 46
	error  reduce 46
	IF  reduce 46
	PRINT  reduce 46
	IDENTIFICADOR  reduce 46
	VECTOR  reduce 46
	INT  reduce 46
	FLOAT  reduce 46
	FOR  reduce 46
	';'  reduce 46
	'}'  reduce 46


state 108
	seleccion : IF '(' condicion ')' '{' sentencias '}' ELSE .  (49)

	.  reduce 49


state 109
	bucle : FOR '(' INT IDENTIFICADOR '=' INT ';' IDENTIFICADOR comparador expresion . ';' IDENTIFICADOR ')' '{' sentencias '}'  (58)

	';'  shift 111
	.  error


state 110
	seleccion : IF '(' condicion ')' THEN '{' sentencias '}' ELSE . '{' sentencias '}'  (47)
	seleccion : IF '(' condicion ')' THEN '{' sentencias '}' ELSE .  (48)

	'{'  shift 112
	$end  reduce 48
	error  reduce 48
	IF  reduce 48
	PRINT  reduce 48
	IDENTIFICADOR  reduce 48
	VECTOR  reduce 48
	INT  reduce 48
	FLOAT  reduce 48
	FOR  reduce 48
	';'  reduce 48
	'}'  reduce 48


state 111
	bucle : FOR '(' INT IDENTIFICADOR '=' INT ';' IDENTIFICADOR comparador expresion ';' . IDENTIFICADOR ')' '{' sentencias '}'  (58)

	IDENTIFICADOR  shift 113
	.  error


state 112
	seleccion : IF '(' condicion ')' THEN '{' sentencias '}' ELSE '{' . sentencias '}'  (47)
	$$1 : .  (6)

	PRINT  shift 1
	IDENTIFICADOR  shift 2
	VECTOR  shift 3
	INT  shift 4
	FLOAT  shift 5
	FOR  shift 6
	';'  shift 7
	error  reduce 6
	IF  reduce 6

	sentencias  goto 114
	sentencia  goto 10
	declaracion  goto 11
	asignacion  goto 12
	$$1  goto 13
	bucle  goto 14
	impresion  goto 15


state 113
	bucle : FOR '(' INT IDENTIFICADOR '=' INT ';' IDENTIFICADOR comparador expresion ';' IDENTIFICADOR . ')' '{' sentencias '}'  (58)

	')'  shift 115
	.  error


state 114
	seleccion : IF '(' condicion ')' THEN '{' sentencias '}' ELSE '{' sentencias . '}'  (47)

	'}'  shift 116
	.  error


state 115
	bucle : FOR '(' INT IDENTIFICADOR '=' INT ';' IDENTIFICADOR comparador expresion ';' IDENTIFICADOR ')' . '{' sentencias '}'  (58)

	'{'  shift 117
	.  error


state 116
	seleccion : IF '(' condicion ')' THEN '{' sentencias '}' ELSE '{' sentencias '}' .  (47)

	.  reduce 47


state 117
	bucle : FOR '(' INT IDENTIFICADOR '=' INT ';' IDENTIFICADOR comparador expresion ';' IDENTIFICADOR ')' '{' . sentencias '}'  (58)
	$$1 : .  (6)

	PRINT  shift 1
	IDENTIFICADOR  shift 2
	VECTOR  shift 3
	INT  shift 4
	FLOAT  shift 5
	FOR  shift 6
	';'  shift 7
	error  reduce 6
	IF  reduce 6

	sentencias  goto 118
	sentencia  goto 10
	declaracion  goto 11
	asignacion  goto 12
	$$1  goto 13
	bucle  goto 14
	impresion  goto 15


state 118
	bucle : FOR '(' INT IDENTIFICADOR '=' INT ';' IDENTIFICADOR comparador expresion ';' IDENTIFICADOR ')' '{' sentencias . '}'  (58)

	'}'  shift 119
	.  error


state 119
	bucle : FOR '(' INT IDENTIFICADOR '=' INT ';' IDENTIFICADOR comparador expresion ';' IDENTIFICADOR ')' '{' sentencias '}' .  (58)

	.  reduce 58


32 terminals, 19 nonterminals
59 grammar rules, 120 states
