INT        int
IDENTIFICADOR        identificado
FLOAT        float
IDENTIFICADOR        nu$mer&ito_
VECTOR        vector
IDENTIFICADOR        vec
OF        of
FLOAT        float
VECTOR        vector
IDENTIFICADOR        a
INT        6
INT        100
VECTOR        vector
IDENTIFICADOR        z
IDENTIFICADOR        w
IDENTIFICADOR        a
INT        2
VECTOR        vector
IDENTIFICADOR        x
INT        0
IDENTIFICADOR        :a
INT        4
INT        3
IDENTIFICADOR        a
INT        1
IDENTIFICADOR        b
IDENTIFICADOR        c
IDENTIFICADOR        d
INT        3
INT        4
PRINT        print
CADENA        "habia una vez un circo .."
IDENTIFICADOR        [- este es u
IDENTIFICADOR        a
INT        10
THEN        then
IDENTIFICADOR        cant
IDENTIFICADOR        a
INT        1
IDENTIFICADOR        mult
IDENTIFICADOR        mult
IDENTIFICADOR        a
IF        if
INT        3
IDENTIFICADOR        a
THEN        then
FLOAT        float
IDENTIFICADOR        f
IDENTIFICADOR        f
IDENTIFICADOR        a
ELSE        else
PRINT        print
IDENTIFICADOR        error
IDENTIFICADOR        ojito'
INT        int
IDENTIFICADOR        a
INT        123
IDENTIFICADOR        a
IDENTIFICADOR        b
FOR        for
INT        int
IDENTIFICADOR        i
INT        1
IDENTIFICADOR        i
IDENTIFICADOR        MAX
IDENTIFICADOR        i
IDENTIFICADOR        v
INT        4
INT        5
