<2,INT,int>
<2,IDENTIFICADOR,identificado>
<2,;,;>
<3,FLOAT,float>
<3,IDENTIFICADOR,nu$mer&ito_>
<3,;,;>
<4,VECTOR,vector>
<4,IDENTIFICADOR,vec>
<4,OF,of>
<4,FLOAT,float>
<4,;,;>
<5,VECTOR,vector>
<5,IDENTIFICADOR,a>
<5,[,[>
<5,INT,6>
<5,],]>
<5,:=,:=>
<5,INT,100>
<5,;,;>
<6,VECTOR,vector>
<6,IDENTIFICADOR,z>
<6,[,[>
<6,IDENTIFICADOR,w>
<6,],]>
<6,:=,:=>
<6,IDENTIFICADOR,a>
<6,[,[>
<6,INT,2>
<6,],]>
<6,;,;>
<7,VECTOR,vector>
<7,IDENTIFICADOR,x>
<7,[,[>
<7,INT,0>
<7,],]>
<7,IDENTIFICADOR,:a>
<7,[,[>
<7,INT,4>
<7,+,+>
<7,INT,3>
<7,],]>
<7,;,;>
<9,IDENTIFICADOR,a>
<9,:=,:=>
<9,INT,1>
<9,;,;>
<10,IDENTIFICADOR,b>
<10,:=,:=>
<10,IDENTIFICADOR,c>
<10,;,;>
<11,IDENTIFICADOR,d>
<11,:=,:=>
<11,INT,3>
<11,*,*>
<11,INT,4>
<11,;,;>
<13,PRINT,print>
<13,(,(>
<13,CADENA,"habia una vez un circo ..">
<13,),)>
<13,;,;>
<17,IDENTIFICADOR,[- este es u>
<17,(,(>
<17,IDENTIFICADOR,a>
<17,>,>>
<17,INT,10>
<17,),)>
<17,THEN,then>
<17,{,{>
<17,IDENTIFICADOR,cant>
<17,:=,:=>
<17,IDENTIFICADOR,a>
<17,+,+>
<17,INT,1>
<17,;,;>
<17,IDENTIFICADOR,mult>
<17,:=,:=>
<17,IDENTIFICADOR,mult>
<17,*,*>
<17,IDENTIFICADOR,a>
<17,;,;>
<17,},}>
<19,IF,if>
<19,(,(>
<19,INT,3>
<19,=,=>
<19,IDENTIFICADOR,a>
<19,),)>
<19,THEN,then>
<19,{,{>
<19,FLOAT,float>
<19,IDENTIFICADOR,f>
<19,;,;>
<19,IDENTIFICADOR,f>
<19,:=,:=>
<19,IDENTIFICADOR,a>
<19,;,;>
<19,},}>
<19,ELSE,else>
<19,{,{>
<19,PRINT,print>
<19,(,(>
<19,IDENTIFICADOR,error>
<19,IDENTIFICADOR,ojito'>
<19,),)>
<19,;,;>
<19,},}>
<21,INT,int>
<21,IDENTIFICADOR,a>
<21,:=,:=>
<21,INT,123>
<21,;,;>
<23,IDENTIFICADOR,a>
<23,>,>>
<23,IDENTIFICADOR,b>
<23,;,;>
<25,FOR,for>
<25,(,(>
<25,INT,int>
<25,IDENTIFICADOR,i>
<25,=,=>
<25,INT,1>
<25,;,;>
<25,IDENTIFICADOR,i>
<25,<,<>
<25,IDENTIFICADOR,MAX>
<25,;,;>
<25,IDENTIFICADOR,i>
<25,+,+>
<25,+,+>
<25,),)>
<25,{,{>
<25,IDENTIFICADOR,v>
<25,[,[>
<25,INT,4>
<25,],]>
<25,:=,:=>
<25,INT,5>
<25,},}>
<27,#,#>
